<?xml version="1.0" encoding="UTF-8"?>
<!-- Generated by org.testng.reporters.JUnitReportReporter -->
<testsuite hostname="DESKTOP-8UOV5P4" failures="0" tests="1" name="php_Site.loginPage" time="6.855" errors="0" timestamp="21 Oct 2024 07:30:04 GMT" skipped="0">
  <testcase classname="php_Site.loginPage" name="login" time="6.855"/>
</testsuite> <!-- php_Site.loginPage -->
