<?xml version="1.0" encoding="UTF-8"?>
<!-- Generated by org.testng.reporters.JUnitReportReporter -->
<testsuite hostname="DESKTOP-8UOV5P4" failures="0" tests="1" name="php_Site.loginUsingfindBy" time="7.301" errors="0" timestamp="21 Oct 2024 08:37:30 GMT" skipped="0">
  <testcase classname="php_Site.loginUsingfindBy" name="test" time="7.301"/>
</testsuite> <!-- php_Site.loginUsingfindBy -->
