<?xml version="1.0" encoding="UTF-8"?>
<!-- Generated by org.testng.reporters.JUnitReportReporter -->
<testsuite hostname="DESKTOP-8UOV5P4" failures="0" tests="1" name="php_Site.withoutFindBy" time="8.896" errors="0" timestamp="21 Oct 2024 10:48:28 GMT" skipped="0">
  <testcase classname="php_Site.withoutFindBy" name="login" time="8.896"/>
</testsuite> <!-- php_Site.withoutFindBy -->
